Added Pin To Net: NetName=3V3 Pin=C1-1
Added Pin To Net: NetName=3V3 Pin=CN1-1
Added Pin To Net: NetName=3V3 Pin=R1-2
Added Pin To Net: NetName=3V3 Pin=R2-2
Added Pin To Net: NetName=3V3 Pin=R3-2
Added Pin To Net: NetName=3V3 Pin=U4-8
Added Net: Name=3V3
Added Pin To Net: NetName=A0 Pin=Cx1-1
Added Pin To Net: NetName=A0 Pin=R1-1
Added Pin To Net: NetName=A0 Pin=U4-7
Added Net: Name=A0
Added Pin To Net: NetName=A1 Pin=Cx2-1
Added Pin To Net: NetName=A1 Pin=R2-1
Added Pin To Net: NetName=A1 Pin=U4-6
Added Net: Name=A1
Added Pin To Net: NetName=A2 Pin=Cx3-1
Added Pin To Net: NetName=A2 Pin=R3-1
Added Pin To Net: NetName=A2 Pin=U4-5
Added Net: Name=A2
Added Pin To Net: NetName=GND Pin=C1-2
Added Pin To Net: NetName=GND Pin=CN1-2
Added Pin To Net: NetName=GND Pin=Cx1-2
Added Pin To Net: NetName=GND Pin=Cx2-2
Added Pin To Net: NetName=GND Pin=Cx3-2
Added Pin To Net: NetName=GND Pin=U4-4
Added Net: Name=GND
Added Pin To Net: NetName=INT Pin=CN1-5
Added Pin To Net: NetName=INT Pin=U4-3
Added Net: Name=INT
Added Pin To Net: NetName=SCL Pin=CN1-3
Added Pin To Net: NetName=SCL Pin=U4-2
Added Net: Name=SCL
Added Pin To Net: NetName=SDA Pin=CN1-4
Added Pin To Net: NetName=SDA Pin=U4-1
Added Net: Name=SDA
Added Class: Name=Cpt_Temp
