Added Component: Designator=C1(7343-31)
Added Component: Designator=C2(0805)
Added Component: Designator=C3(Tantale 10µF/16V)
Added Component: Designator=C4(0805)
Added Component: Designator=C5(Tantale 10µF/6V3)
Added Component: Designator=C6(0805)
Added Component: Designator=C7(tantale 47µF/10V)
Added Component: Designator=C8(0805)
Added Component: Designator=C9(0805)
Added Component: Designator=C10(0805)
Added Component: Designator=C11(0805)
Added Component: Designator=C12(0805)
Added Component: Designator=C15(3216-18)
Added Component: Designator=CN1(USB Micro 714-2347)
Added Component: Designator=CN3(INCH_1x5_droit)
Added Component: Designator=CN4(INCH_1x4_droit)
Added Component: Designator=L1(SELF CD74R)
Added Component: Designator=Led1(LTW5AM)
Added Component: Designator=M1(SOT23 (NTR4501))
Added Component: Designator=Micro1(Micro_electret simple)
Added Component: Designator=PIR1(PIR_WL)
Added Component: Designator=PT1(PTEST boucle)
Added Component: Designator=PT2(PTEST boucle)
Added Component: Designator=PT3(PTEST boucle)
Added Component: Designator=PT4(PTEST boucle)
Added Component: Designator=PT5(PTEST boucle)
Added Component: Designator=PT6(PTEST boucle)
Added Component: Designator=R1(0805)
Added Component: Designator=R4(0805)
Added Component: Designator=R5(0805)
Added Component: Designator=R6(0805)
Added Component: Designator=R7(0805)
Added Component: Designator=R8(0805)
Added Component: Designator=R9(0805)
Added Component: Designator=R10(1210)
Added Component: Designator=R11(0805)
Added Component: Designator=R14(0805)
Added Component: Designator=R16(0805)
Added Component: Designator=R17(0805)
Added Component: Designator=R18(0805)
Added Component: Designator=R19(0805)
Added Component: Designator=Reg1(SOT-223 thermo1)
Added Component: Designator=SW1(µSwitch KMR4)
Added Component: Designator=U1(SOIC08)
Added Component: Designator=U3(TSSOP_8)
Added Component: Designator=Wi-Fi1(ESP-12E)
Added Pin To Net: NetName=+5V Pin=CN1-1
Added Pin To Net: NetName=+5V Pin=Led1-1
Added Pin To Net: NetName=+5V Pin=PT3-1
Added Pin To Net: NetName=+5V Pin=R10-1
Added Net: Name=+5V
Added Pin To Net: NetName=3V3 Pin=C3-1
Added Pin To Net: NetName=3V3 Pin=C5-1
Added Pin To Net: NetName=3V3 Pin=C7-1
Added Pin To Net: NetName=3V3 Pin=C8-2
Added Pin To Net: NetName=3V3 Pin=C12-2
Added Pin To Net: NetName=3V3 Pin=CN3-1
Added Pin To Net: NetName=3V3 Pin=PIR1-1
Added Pin To Net: NetName=3V3 Pin=PT6-1
Added Pin To Net: NetName=3V3 Pin=R6-2
Added Pin To Net: NetName=3V3 Pin=R8-2
Added Pin To Net: NetName=3V3 Pin=R9-2
Added Pin To Net: NetName=3V3 Pin=R11-2
Added Pin To Net: NetName=3V3 Pin=R16-2
Added Pin To Net: NetName=3V3 Pin=R18-2
Added Pin To Net: NetName=3V3 Pin=Reg1-2
Added Pin To Net: NetName=3V3 Pin=Reg1-2
Added Pin To Net: NetName=3V3 Pin=SW1-2
Added Pin To Net: NetName=3V3 Pin=U1-8
Added Pin To Net: NetName=3V3 Pin=U3-1
Added Pin To Net: NetName=3V3 Pin=U3-6
Added Pin To Net: NetName=3V3 Pin=Wi-Fi1-3
Added Pin To Net: NetName=3V3 Pin=Wi-Fi1-8
Added Net: Name=3V3
Added Pin To Net: NetName=EARTH Pin=C10-2
Added Pin To Net: NetName=EARTH Pin=CN1-6
Added Pin To Net: NetName=EARTH Pin=CN1-7
Added Pin To Net: NetName=EARTH Pin=CN1-8
Added Pin To Net: NetName=EARTH Pin=CN1-9
Added Pin To Net: NetName=EARTH Pin=R1-2
Added Net: Name=EARTH
Added Pin To Net: NetName=GND Pin=C1-2
Added Pin To Net: NetName=GND Pin=C2-1
Added Pin To Net: NetName=GND Pin=C3-2
Added Pin To Net: NetName=GND Pin=C4-1
Added Pin To Net: NetName=GND Pin=C5-2
Added Pin To Net: NetName=GND Pin=C6-2
Added Pin To Net: NetName=GND Pin=C7-2
Added Pin To Net: NetName=GND Pin=C8-1
Added Pin To Net: NetName=GND Pin=C10-1
Added Pin To Net: NetName=GND Pin=C11-1
Added Pin To Net: NetName=GND Pin=C12-1
Added Pin To Net: NetName=GND Pin=CN1-5
Added Pin To Net: NetName=GND Pin=CN3-2
Added Pin To Net: NetName=GND Pin=CN4-4
Added Pin To Net: NetName=GND Pin=M1-3
Added Pin To Net: NetName=GND Pin=Micro1-0
Added Pin To Net: NetName=GND Pin=PIR1-3
Added Pin To Net: NetName=GND Pin=PT1-1
Added Pin To Net: NetName=GND Pin=PT2-1
Added Pin To Net: NetName=GND Pin=R1-1
Added Pin To Net: NetName=GND Pin=R5-1
Added Pin To Net: NetName=GND Pin=R17-1
Added Pin To Net: NetName=GND Pin=Reg1-1
Added Pin To Net: NetName=GND Pin=U1-4
Added Pin To Net: NetName=GND Pin=U3-5
Added Pin To Net: NetName=GND Pin=Wi-Fi1-15
Added Pin To Net: NetName=GND Pin=Wi-Fi1-16
Added Net: Name=GND
Added Pin To Net: NetName=NetC1_1 Pin=C1-1
Added Pin To Net: NetName=NetC1_1 Pin=C2-2
Added Pin To Net: NetName=NetC1_1 Pin=L1-1
Added Pin To Net: NetName=NetC1_1 Pin=Reg1-3
Added Net: Name=NetC1_1
Added Pin To Net: NetName=NetC4_2 Pin=C4-2
Added Pin To Net: NetName=NetC4_2 Pin=PT5-1
Added Pin To Net: NetName=NetC4_2 Pin=U1-5
Added Pin To Net: NetName=NetC4_2 Pin=U3-3
Added Net: Name=NetC4_2
Added Pin To Net: NetName=NetC6_1 Pin=C6-1
Added Pin To Net: NetName=NetC6_1 Pin=R5-2
Added Pin To Net: NetName=NetC6_1 Pin=R6-1
Added Pin To Net: NetName=NetC6_1 Pin=U1-3
Added Pin To Net: NetName=NetC6_1 Pin=U3-2
Added Net: Name=NetC6_1
Added Pin To Net: NetName=NetC9_1 Pin=C9-1
Added Pin To Net: NetName=NetC9_1 Pin=C11-2
Added Pin To Net: NetName=NetC9_1 Pin=CN3-5
Added Pin To Net: NetName=NetC9_1 Pin=R11-1
Added Net: Name=NetC9_1
Added Pin To Net: NetName=NetC9_2 Pin=C9-2
Added Pin To Net: NetName=NetC9_2 Pin=Wi-Fi1-1
Added Pin To Net: NetName=NetC9_2 Pin=Wi-Fi1-4
Added Net: Name=NetC9_2
Added Pin To Net: NetName=NetC15_1 Pin=C15-1
Added Pin To Net: NetName=NetC15_1 Pin=Micro1-1
Added Pin To Net: NetName=NetC15_1 Pin=R18-1
Added Net: Name=NetC15_1
Added Pin To Net: NetName=NetC15_2 Pin=C15-2
Added Pin To Net: NetName=NetC15_2 Pin=R7-1
Added Net: Name=NetC15_2
Added Pin To Net: NetName=NetCN4_1 Pin=CN4-1
Added Pin To Net: NetName=NetCN4_1 Pin=Wi-Fi1-22
Added Net: Name=NetCN4_1
Added Pin To Net: NetName=NetCN4_2 Pin=CN4-2
Added Pin To Net: NetName=NetCN4_2 Pin=Wi-Fi1-21
Added Net: Name=NetCN4_2
Added Pin To Net: NetName=NetCN4_3 Pin=CN4-3
Added Pin To Net: NetName=NetCN4_3 Pin=R16-1
Added Pin To Net: NetName=NetCN4_3 Pin=Wi-Fi1-18
Added Net: Name=NetCN4_3
Added Pin To Net: NetName=NetL1_2 Pin=L1-2
Added Pin To Net: NetName=NetL1_2 Pin=R10-2
Added Net: Name=NetL1_2
Added Pin To Net: NetName=NetLed1_2 Pin=Led1-2
Added Pin To Net: NetName=NetLed1_2 Pin=R14-2
Added Net: Name=NetLed1_2
Added Pin To Net: NetName=NetM1_1 Pin=M1-1
Added Pin To Net: NetName=NetM1_1 Pin=R14-1
Added Net: Name=NetM1_1
Added Pin To Net: NetName=NetM1_2 Pin=M1-2
Added Pin To Net: NetName=NetM1_2 Pin=R17-2
Added Pin To Net: NetName=NetM1_2 Pin=R19-2
Added Pin To Net: NetName=NetM1_2 Pin=SW1-3
Added Net: Name=NetM1_2
Added Pin To Net: NetName=NetPIR1_2 Pin=PIR1-2
Added Pin To Net: NetName=NetPIR1_2 Pin=Wi-Fi1-19
Added Net: Name=NetPIR1_2
Added Pin To Net: NetName=NetPT4_1 Pin=PT4-1
Added Pin To Net: NetName=NetPT4_1 Pin=R4-2
Added Pin To Net: NetName=NetPT4_1 Pin=U1-1
Added Pin To Net: NetName=NetPT4_1 Pin=U1-6
Added Net: Name=NetPT4_1
Added Pin To Net: NetName=NetR4_1 Pin=R4-1
Added Pin To Net: NetName=NetR4_1 Pin=R7-2
Added Pin To Net: NetName=NetR4_1 Pin=U1-2
Added Net: Name=NetR4_1
Added Pin To Net: NetName=NetR19_1 Pin=R19-1
Added Pin To Net: NetName=NetR19_1 Pin=Wi-Fi1-20
Added Net: Name=NetR19_1
Added Pin To Net: NetName=NetU1_7 Pin=U1-7
Added Pin To Net: NetName=NetU1_7 Pin=Wi-Fi1-7
Added Net: Name=NetU1_7
Added Pin To Net: NetName=SCL Pin=CN3-3
Added Pin To Net: NetName=SCL Pin=R9-1
Added Pin To Net: NetName=SCL Pin=U3-7
Added Pin To Net: NetName=SCL Pin=Wi-Fi1-6
Added Net: Name=SCL
Added Pin To Net: NetName=SDA Pin=CN3-4
Added Pin To Net: NetName=SDA Pin=R8-1
Added Pin To Net: NetName=SDA Pin=U3-8
Added Pin To Net: NetName=SDA Pin=Wi-Fi1-5
Added Net: Name=SDA
Added Class: Name=SON_versept2017
Added Room: Name=SON_versept2017
